<?xml version="1.0" encoding="UTF-8"?>
<!-- Generated by org.testng.reporters.JUnitReportReporter -->
<testsuite skipped="0" hostname="DESKTOP-DMUJUSP" name="web.flipkart.login" tests="2" failures="0" timestamp="2022-01-22T01:06:05 IST" time="22.232" errors="0">
  <testcase name="Alogin" time="15.743" classname="web.flipkart.login"/>
  <system-out/>
  <testcase name="UP" time="6.489" classname="web.flipkart.login"/>
  <system-out/>
</testsuite> <!-- web.flipkart.login -->
