<?xml version="1.0" encoding="UTF-8"?>
<!-- Generated by org.testng.reporters.JUnitReportReporter -->
<testsuite skipped="0" hostname="DESKTOP-DMUJUSP" name="web.flipkart.purchase" tests="2" failures="0" timestamp="2022-01-22T01:06:05 IST" time="47.453" errors="0">
  <testcase name="mobile" time="23.724" classname="web.flipkart.purchase"/>
  <system-out/>
  <testcase name="brand" time="23.729" classname="web.flipkart.purchase"/>
  <system-out/>
</testsuite> <!-- web.flipkart.purchase -->
